<?xml version="1.0" encoding="UTF-8"?>
<coverage generated="1606387436713" clover="3.2.0">
  <project timestamp="1606387436714" name="All files">
    <metrics statements="19" coveredstatements="9" conditionals="7" coveredconditionals="0" methods="3" coveredmethods="1" elements="29" coveredelements="10" complexity="0" loc="19" ncloc="19" packages="2" files="2" classes="2"/>
    <package name="carpaccio-khadija-amira">
      <metrics statements="17" coveredstatements="7" conditionals="7" coveredconditionals="0" methods="2" coveredmethods="0"/>
      <file name="index.js" path="/home/khadija/Bureau/carpaccio-khadija-amira/index.js">
        <metrics statements="17" coveredstatements="7" conditionals="7" coveredconditionals="0" methods="2" coveredmethods="0"/>
        <line num="2" count="1" type="stmt"/>
        <line num="3" count="1" type="stmt"/>
        <line num="4" count="1" type="stmt"/>
        <line num="5" count="1" type="stmt"/>
        <line num="7" count="1" type="stmt"/>
        <line num="9" count="1" type="stmt"/>
        <line num="10" count="0" type="stmt"/>
        <line num="11" count="0" type="stmt"/>
        <line num="12" count="0" type="cond" truecount="0" falsecount="5"/>
        <line num="13" count="0" type="stmt"/>
        <line num="17" count="0" type="stmt"/>
        <line num="18" count="0" type="stmt"/>
        <line num="19" count="0" type="cond" truecount="0" falsecount="2"/>
        <line num="20" count="0" type="stmt"/>
        <line num="24" count="0" type="stmt"/>
        <line num="27" count="0" type="stmt"/>
        <line num="33" count="1" type="stmt"/>
      </file>
    </package>
    <package name="carpaccio-khadija-amira.functions">
      <metrics statements="2" coveredstatements="2" conditionals="0" coveredconditionals="0" methods="1" coveredmethods="1"/>
      <file name="functions.js" path="/home/khadija/Bureau/carpaccio-khadija-amira/functions/functions.js">
        <metrics statements="2" coveredstatements="2" conditionals="0" coveredconditionals="0" methods="1" coveredmethods="1"/>
        <line num="1" count="1" type="stmt"/>
        <line num="3" count="1" type="stmt"/>
      </file>
    </package>
  </project>
</coverage>
