{"/home/khadija/Bureau/carpaccio-khadija-amira/index.js": {"path":"/home/khadija/Bureau/carpaccio-khadija-amira/index.js","statementMap":{"0":{"start":{"line":2,"column":14},"end":{"line":2,"column":32}},"1":{"start":{"line":3,"column":17},"end":{"line":3,"column":39}},"2":{"start":{"line":4,"column":10},"end":{"line":4,"column":19}},"3":{"start":{"line":5,"column":16},"end":{"line":5,"column":48}},"4":{"start":{"line":7,"column":0},"end":{"line":7,"column":32}},"5":{"start":{"line":9,"column":0},"end":{"line":31,"column":2}},"6":{"start":{"line":10,"column":17},"end":{"line":10,"column":32}},"7":{"start":{"line":11,"column":21},"end":{"line":11,"column":40}},"8":{"start":{"line":12,"column":4},"end":{"line":30,"column":5}},"9":{"start":{"line":13,"column":8},"end":{"line":15,"column":10}},"10":{"start":{"line":17,"column":20},"end":{"line":17,"column":21}},"11":{"start":{"line":18,"column":8},"end":{"line":26,"column":11}},"12":{"start":{"line":19,"column":12},"end":{"line":25,"column":13}},"13":{"start":{"line":20,"column":16},"end":{"line":22,"column":19}},"14":{"start":{"line":24,"column":16},"end":{"line":24,"column":51}},"15":{"start":{"line":27,"column":8},"end":{"line":29,"column":10}},"16":{"start":{"line":33,"column":0},"end":{"line":33,"column":21}}},"fnMap":{"0":{"name":"(anonymous_0)","decl":{"start":{"line":9,"column":18},"end":{"line":9,"column":19}},"loc":{"start":{"line":9,"column":32},"end":{"line":31,"column":1}},"line":9},"1":{"name":"(anonymous_1)","decl":{"start":{"line":18,"column":23},"end":{"line":18,"column":24}},"loc":{"start":{"line":18,"column":41},"end":{"line":26,"column":9}},"line":18}},"branchMap":{"0":{"loc":{"start":{"line":12,"column":4},"end":{"line":30,"column":5}},"type":"if","locations":[{"start":{"line":12,"column":4},"end":{"line":30,"column":5}},{"start":{"line":12,"column":4},"end":{"line":30,"column":5}}],"line":12},"1":{"loc":{"start":{"line":12,"column":8},"end":{"line":12,"column":93}},"type":"binary-expr","locations":[{"start":{"line":12,"column":8},"end":{"line":12,"column":27}},{"start":{"line":12,"column":31},"end":{"line":12,"column":54}},{"start":{"line":12,"column":58},"end":{"line":12,"column":93}}],"line":12},"2":{"loc":{"start":{"line":19,"column":12},"end":{"line":25,"column":13}},"type":"if","locations":[{"start":{"line":19,"column":12},"end":{"line":25,"column":13}},{"start":{"line":19,"column":12},"end":{"line":25,"column":13}}],"line":19}},"s":{"0":1,"1":1,"2":1,"3":1,"4":1,"5":1,"6":0,"7":0,"8":0,"9":0,"10":0,"11":0,"12":0,"13":0,"14":0,"15":0,"16":1},"f":{"0":0,"1":0},"b":{"0":[0,0],"1":[0,0,0],"2":[0,0]},"_coverageSchema":"1a1c01bbd47fc00a2c39e90264f33305004495a9","hash":"285b5f4644760682f17addf73aa0188b078650e1"}
,"/home/khadija/Bureau/carpaccio-khadija-amira/functions/functions.js": {"path":"/home/khadija/Bureau/carpaccio-khadija-amira/functions/functions.js","statementMap":{"0":{"start":{"line":1,"column":0},"end":{"line":7,"column":1}},"1":{"start":{"line":3,"column":8},"end":{"line":5,"column":11}}},"fnMap":{"0":{"name":"(anonymous_0)","decl":{"start":{"line":2,"column":11},"end":{"line":2,"column":12}},"loc":{"start":{"line":2,"column":25},"end":{"line":6,"column":5}},"line":2}},"branchMap":{},"s":{"0":1,"1":1},"f":{"0":1},"b":{},"_coverageSchema":"1a1c01bbd47fc00a2c39e90264f33305004495a9","hash":"4d5f56a2dc6ba434c4ce66d9b24fc6d46059fd24"}
}
